<<<<<<< HEAD
[2018-09-14 17:34:10] loggers.INFO: Acesso negado! Dados fornecidos:  [] []
[2018-09-14 17:34:40] loggers.INFO: Acesso negado! Dados fornecidos:  [] []
[2018-09-14 17:35:29] loggers.INFO: Acesso negado! Dados fornecidos:  [] []
[2018-09-14 17:40:36] loggers.INFO: Acesso negado! Dados fornecidos:  [] []
[2018-09-14 17:40:46] loggers.INFO: Acesso negado! Dados fornecidos: cleber@wdcom.com.br [] []
[2018-09-14 17:41:37] loggers.INFO: Acesso negado! Dados fornecidos: cleber@wdcom.com.br [] []
[2018-09-14 17:46:00] loggers.INFO: Acesso negado! Dados fornecidos: cleber@wdcom.com.br [] []
[2018-09-14 18:06:31] loggers.INFO: Acesso negado! Dados fornecidos: cleber@wdcom.com.br [] []
[2018-09-14 18:12:04] loggers.INFO: Acesso negado! Dados fornecidos:  [] []
[2018-09-14 18:15:46] loggers.INFO: Acesso negado! Dados fornecidos:  [] []
[2018-09-14 18:17:17] loggers.INFO: Acesso negado! Dados fornecidos:  [] []
[2018-09-14 18:17:40] loggers.INFO: Acesso negado! Dados fornecidos:  [] []
[2018-09-14 18:20:44] loggers.INFO: Acesso negado! Dados fornecidos:  [] []
[2018-09-14 18:22:29] loggers.INFO: Acesso negado! Dados fornecidos:  [] []
[2018-09-14 18:23:47] loggers.INFO: Acesso negado! Dados fornecidos:  [] []
[2018-09-14 18:26:00] loggers.INFO: Acesso negado! Dados fornecidos:  [] []
[2018-09-14 18:28:46] loggers.INFO: Acesso negado! Dados fornecidos:  [] []
[2018-09-14 18:36:12] loggers.INFO: Acesso negado! Dados fornecidos:  [] []
[2018-09-14 18:37:04] loggers.INFO: Acesso negado! Dados fornecidos:  [] []
[2018-09-14 18:38:36] loggers.INFO: Acesso negado! Dados fornecidos:  [] []
[2018-09-14 18:38:42] loggers.INFO: Acesso negado! Dados fornecidos: cleber@wdcom.com.br [] []
[2018-09-14 18:39:43] loggers.INFO: Acesso negado! Dados fornecidos:  [] []
[2018-09-14 18:40:26] loggers.INFO: Acesso negado! Dados fornecidos:  [] []
[2018-09-14 18:45:07] loggers.INFO: Acesso negado! Dados fornecidos:  [] []
[2018-09-14 18:49:18] loggers.INFO: Acesso negado! Dados fornecidos:  [] []
[2018-09-14 18:50:35] loggers.INFO: Acesso negado! Dados fornecidos:  [] []
[2018-09-14 18:56:11] loggers.INFO: Acesso negado! Dados fornecidos:  [] []
[2018-09-14 18:56:19] loggers.INFO: Acesso negado! Dados fornecidos:  [] []
[2018-09-14 19:10:54] loggers.INFO: Acesso negado! Dados fornecidos:  [] []
[2018-09-14 19:11:12] loggers.INFO: Acesso negado! Dados fornecidos:  [] []
[2018-09-14 19:11:14] loggers.INFO: Acesso negado! Dados fornecidos:  [] []
[2018-09-14 19:11:27] loggers.INFO: Acesso negado! Dados fornecidos: cleber@wdcom.com.br [] []
[2018-09-14 19:11:48] loggers.INFO: Acesso negado! Dados fornecidos:  [] []
[2018-09-14 19:15:54] loggers.INFO: Acesso negado! Dados fornecidos:  [] []
[2018-09-14 19:15:56] loggers.INFO: Acesso negado! Dados fornecidos: cleber@wdcom.com.br [] []
[2018-09-14 19:16:17] loggers.INFO: Acesso negado! Dados fornecidos: cleber@wdcom.com.br [] []
[2018-09-14 19:16:20] loggers.INFO: Acesso negado! Dados fornecidos: cleber@wdcom.com.br [] []
[2018-09-14 19:16:53] loggers.INFO: Acesso negado! Dados fornecidos: cleber@wdcom.com.br [] []
[2018-09-14 19:17:03] loggers.INFO: Acesso negado! Dados fornecidos: cleber@wdcom.com.br [] []
[2018-09-14 19:17:50] loggers.INFO: Acesso negado! Dados fornecidos: cleber@wdcom.com.br [] []
[2018-09-14 19:21:22] loggers.INFO: Acesso negado! Dados fornecidos: cleber@wdcom.com.br [] []
[2018-09-14 19:27:22] loggers.INFO: Acesso negado! Dados fornecidos:  [] []
[2018-09-14 19:27:44] loggers.INFO: Acesso negado! Dados fornecidos:  [] []
[2018-09-14 19:38:44] loggers.INFO: Acesso negado! Dados fornecidos:  [] []
[2018-09-14 19:40:22] loggers.INFO: Acesso negado! Dados fornecidos:  [] []
[2018-09-14 19:42:55] loggers.INFO: Acesso negado! Dados fornecidos:  [] []
[2018-09-14 19:44:18] loggers.INFO: Acesso negado! Dados fornecidos:  [] []
[2018-09-14 20:00:06] loggers.INFO: Acesso negado! Dados fornecidos:  [] []
[2018-09-14 20:12:17] loggers.INFO: Acesso negado! Dados fornecidos:  [] []
[2018-09-14 20:14:04] loggers.INFO: Acesso negado! Dados fornecidos:  [] []
[2018-09-14 20:14:52] loggers.INFO: Acesso negado! Dados fornecidos:  [] []
[2018-09-14 20:15:16] loggers.INFO: Acesso negado! Dados fornecidos:  [] []
[2018-09-14 20:15:18] loggers.INFO: Acesso negado! Dados fornecidos: cleber@wdcom.com.br [] []
[2018-09-14 23:24:35] loggers.INFO: Acesso negado! Dados fornecidos:  [] []
[2018-09-14 23:24:48] loggers.INFO: Acesso negado! Dados fornecidos: cleber@wdcom.com.br [] []
[2018-09-14 23:24:53] loggers.INFO: Acesso negado! Dados fornecidos: sistemaC [] []
[2018-09-14 23:25:56] loggers.INFO: Acesso negado! Dados fornecidos: clsprogramador@outlook.com [] []
[2018-09-14 23:26:14] loggers.INFO: Acesso negado! Dados fornecidos: clsprogramador@outlook.com [] []
[2018-09-14 23:26:28] loggers.INFO: Acesso negado! Dados fornecidos: clsprogramador@outlook.com [] []
[2018-09-14 23:27:47] loggers.INFO: Acesso negado! Dados fornecidos: clsprogramador@outlook.com [] []
[2018-09-14 23:29:08] loggers.INFO: Acesso negado! Dados fornecidos: clsprogramador@outlook.com [] []
[2018-09-14 23:40:29] loggers.INFO: Acesso negado! Dados fornecidos:  [] []
[2018-09-14 23:40:37] loggers.INFO: Acesso negado! Dados fornecidos: clsprogramador@outlook.com [] []
[2018-09-14 23:40:50] loggers.INFO: Acesso negado! Dados fornecidos: clsprogramador@outlook.com [] []
[2018-09-14 23:40:58] loggers.INFO: Acesso negado! Dados fornecidos: clsprogramador@outlook.com [] []
[2018-09-14 23:41:41] loggers.INFO: Acesso negado! Dados fornecidos: clsprogramador@outlook.com [] []
[2018-09-14 23:41:59] loggers.INFO: Acesso negado! Dados fornecidos: clsprogramador@outlook.com [] []
[2018-09-14 23:42:08] loggers.INFO: Acesso negado! Dados fornecidos: clsprogramador@outlook.com [] []
[2018-09-14 23:42:52] loggers.INFO: Acesso negado! Dados fornecidos: clsprogramador@outlook.com [] []
[2018-09-14 23:43:46] loggers.INFO: Acesso negado! Dados fornecidos: clsprogramador@outlook.com [] []
[2018-09-14 23:44:18] loggers.INFO: Acesso negado! Dados fornecidos: clsprogramador@outlook.com [] []
[2018-09-14 23:44:28] loggers.INFO: Acesso negado! Dados fornecidos: clsprogramador@outlook.com [] []
[2018-09-14 23:44:46] loggers.INFO: Acesso negado! Dados fornecidos: clsprogramador@outlook.com [] []
[2018-09-14 23:45:06] loggers.INFO: Acesso negado! Dados fornecidos: sistemaC [] []
[2018-09-14 23:45:21] loggers.INFO: Acesso negado! Dados fornecidos: clsprogramador@outlook.com [] []
[2018-09-14 23:47:04] loggers.INFO: Acesso negado! Dados fornecidos: clsprogramador@outlook.com [] []
[2018-09-14 23:47:10] loggers.INFO: Acesso negado! Dados fornecidos: clsprogramador@outlook.com [] []
[2018-09-14 23:47:59] loggers.INFO: Acesso negado! Dados fornecidos: clsprogramador@outlook.com [] []
[2018-09-14 23:48:14] loggers.INFO: Acesso negado! Dados fornecidos: clsprogramador@outlook.com [] []
[2018-09-14 23:48:21] loggers.INFO: Acesso negado! Dados fornecidos: clsprogramador@outlook.com [] []
[2018-09-15 00:01:11] loggers.INFO: Acesso negado! Dados fornecidos:  [] []
[2018-09-15 00:01:47] loggers.INFO: Acesso negado! Dados fornecidos:  [] []
[2018-09-15 00:01:54] loggers.INFO: Acesso negado! Dados fornecidos: clsprogramador@outlook.com [] []
[2018-09-15 00:02:03] loggers.INFO: Acesso negado! Dados fornecidos: clsprogramador@outlook.com [] []
[2018-09-15 00:02:11] loggers.INFO: Acesso negado! Dados fornecidos: clsprogramador@outlook.com [] []
[2018-09-15 00:03:46] loggers.INFO: Acesso negado! Dados fornecidos: clsprogramador@outlook.com [] []
[2018-09-15 00:03:57] loggers.INFO: Acesso negado! Dados fornecidos: clsprogramador@outlook.com [] []
[2018-09-15 01:06:08] loggers.INFO: Acesso negado! Dados fornecidos: clsprogramador@outlook.com [] []
[2018-09-15 01:07:03] loggers.INFO: Acesso negado! Dados fornecidos:  [] []
[2018-09-15 01:07:15] loggers.INFO: Acesso negado! Dados fornecidos: cleber@wdcom.com.br [] []
[2018-09-15 01:08:07] loggers.ERROR: Login Rejeitado ! [] []
[2018-09-15 01:08:24] loggers.INFO: Acesso negado! Dados fornecidos: teste@teste.com.br [] []
[2018-09-15 11:59:04] loggers.INFO: Acesso negado! Dados fornecidos:  [] []
[2018-09-15 12:54:54] loggers.INFO: Acesso negado! Dados fornecidos:  [] []
[2018-09-15 12:55:14] loggers.INFO: Acesso negado! Dados fornecidos:  [] []
[2018-09-15 12:55:20] loggers.INFO: Acesso negado! Dados fornecidos:  [] []
[2018-09-15 12:55:30] loggers.ERROR: Login Rejeitado ! [] []
[2018-09-15 13:14:31] loggers.INFO: Acesso negado! Dados fornecidos:  [] []
[2018-09-15 13:14:38] loggers.INFO: Acesso negado! Dados fornecidos: teste@teste.com.br [] []
[2018-09-15 13:15:00] loggers.INFO: Acesso negado! Dados fornecidos:  [] []
[2018-09-15 13:18:49] loggers.INFO: Acesso negado! Dados fornecidos:  [] []
[2018-09-15 14:44:09] loggers.INFO: Acesso negado! Dados fornecidos:  [] []
[2018-09-15 14:44:20] loggers.INFO: Acesso negado! Dados fornecidos: teste@teste.com.br [] []
[2018-09-15 14:46:18] loggers.INFO: Acesso negado! Dados fornecidos: teste@teste.com.br [] []
[2018-09-15 14:46:31] loggers.INFO: Acesso negado! Dados fornecidos: clsprogramador@outlook.com [] []
[2018-09-15 14:47:08] loggers.INFO: Acesso negado! Dados fornecidos: teste@teste.com.br [] []
[2018-09-15 14:48:18] loggers.INFO: Acesso negado! Dados fornecidos: teste@teste.com.br [] []
[2018-09-15 14:48:25] loggers.INFO: Acesso negado! Dados fornecidos:  [] []
[2018-09-15 14:48:44] loggers.INFO: Acesso negado! Dados fornecidos: teste@teste.com.br [] []
[2018-09-15 14:48:59] loggers.INFO: Acesso negado! Dados fornecidos: teste@teste.com.br [] []
[2018-09-15 15:00:10] loggers.INFO: Acesso negado! Dados fornecidos: teste@teste.com.br [] []
[2018-09-15 15:19:56] loggers.INFO: Acesso negado! Dados fornecidos:  [] []
[2018-09-15 15:20:35] loggers.INFO: Acesso negado! Dados fornecidos:  [] []
[2018-09-15 15:20:44] loggers.INFO: Acesso negado! Dados fornecidos:  [] []
[2018-09-15 15:24:13] loggers.INFO: Acesso negado! Dados fornecidos:  [] []
[2018-09-15 15:24:24] loggers.INFO: Acesso negado! Dados fornecidos:  [] []
[2018-09-15 15:24:26] loggers.INFO: Acesso negado! Dados fornecidos:  [] []
[2018-09-15 15:24:39] loggers.INFO: Acesso negado! Dados fornecidos:  [] []
[2018-09-15 15:24:41] loggers.INFO: Acesso negado! Dados fornecidos:  [] []
[2018-09-15 15:29:48] loggers.INFO: Acesso negado! Dados fornecidos:  [] []
[2018-09-15 15:30:49] loggers.INFO: Acesso negado! Dados fornecidos:  [] []
[2018-09-15 16:44:28] loggers.INFO: Acesso negado! Dados fornecidos:  [] []
[2018-09-15 17:14:53] loggers.INFO: Acesso negado! Dados fornecidos:  [] []
[2018-09-15 17:15:04] loggers.INFO: Acesso negado! Dados fornecidos:  [] []
[2018-09-15 17:20:48] loggers.INFO: Acesso negado! Dados fornecidos:  [] []
[2018-09-15 17:20:53] loggers.INFO: Acesso negado! Dados fornecidos:  [] []
[2018-09-15 17:21:23] loggers.INFO: Acesso negado! Dados fornecidos:  [] []
[2018-09-15 17:21:26] loggers.INFO: Acesso negado! Dados fornecidos:  [] []
[2018-09-15 17:21:32] loggers.INFO: Acesso negado! Dados fornecidos: teste@teste.com.br [] []
[2018-09-15 17:23:59] loggers.INFO: Acesso negado! Dados fornecidos:  [] []
[2018-09-16 12:21:15] loggers.ERROR: Login Rejeitado ! [] []
[2018-09-16 12:40:30] loggers.INFO: Acesso negado! Dados fornecidos:  [] []
[2018-09-16 12:40:42] loggers.INFO: Acesso negado! Dados fornecidos: cleber@wdcom.com.br [] []
[2018-09-16 12:43:36] loggers.INFO: Acesso negado! Dados fornecidos:  [] []
[2018-09-16 13:26:12] loggers.INFO: Acesso negado! Dados fornecidos:  [] []
[2018-09-16 13:27:09] loggers.INFO: Acesso negado! Dados fornecidos:  [] []
[2018-09-16 13:29:46] loggers.INFO: Acesso negado! Dados fornecidos:  [] []
[2018-09-16 13:30:28] loggers.INFO: Acesso negado! Dados fornecidos:  [] []
[2018-09-16 13:30:32] loggers.INFO: Acesso negado! Dados fornecidos:  [] []
[2018-09-16 13:30:36] loggers.ERROR: Login Rejeitado ! [] []
[2018-09-16 13:32:06] loggers.INFO: Acesso negado! Dados fornecidos:  [] []
[2018-09-16 13:32:13] loggers.INFO: Acesso negado! Dados fornecidos: clsprogramador@outlook.com [] []
[2018-09-16 13:32:23] loggers.INFO: Acesso negado! Dados fornecidos: cleber@wdcom.com.br [] []
[2018-09-16 13:33:01] loggers.INFO: Acesso negado! Dados fornecidos:  [] []
[2018-09-16 13:33:57] loggers.INFO: Acesso negado! Dados fornecidos:  [] []
[2018-09-17 23:49:52] loggers.INFO: Acesso negado! Dados fornecidos:  [] []
[2018-09-17 23:50:03] loggers.INFO: Acesso negado! Dados fornecidos: cleber@wdcom.com.br [] []
[2018-09-17 23:53:15] loggers.INFO: Acesso negado! Dados fornecidos:  [] []
[2018-09-17 23:53:23] loggers.INFO: Acesso negado! Dados fornecidos: cleber@wdcom.com.br [] []
[2018-09-17 23:54:25] loggers.INFO: Acesso negado! Dados fornecidos:  [] []
[2018-09-17 23:59:10] loggers.INFO: Acesso negado! Dados fornecidos:  [] []
[2018-09-18 00:17:42] loggers.INFO: Acesso negado! Dados fornecidos:  [] []
[2018-09-18 17:27:29] loggers.INFO: Acesso negado! Dados fornecidos:  [] []
[2018-09-18 17:27:35] loggers.INFO: Acesso negado! Dados fornecidos: cleber@wdcom.com.br [] []
[2018-09-18 17:27:39] loggers.INFO: Acesso negado! Dados fornecidos: cleber@wdcom.com.br [] []
[2018-09-18 17:27:42] loggers.INFO: Acesso negado! Dados fornecidos: cleber@wdcom.com.br [] []
[2018-09-18 17:27:46] loggers.INFO: Acesso negado! Dados fornecidos: cleber@wdcom.com.br [] []
[2018-09-18 17:27:55] loggers.INFO: Acesso negado! Dados fornecidos: clsprogramador@gmail.com [] []
[2018-09-18 17:28:17] loggers.INFO: Acesso negado! Dados fornecidos: cleber@wdcom.com.br [] []
[2018-09-18 17:28:21] loggers.INFO: Acesso negado! Dados fornecidos: cleber@wdcom.com.br [] []
[2018-09-18 17:28:24] loggers.INFO: Acesso negado! Dados fornecidos: cleber@wdcom.com.br [] []
[2018-09-18 17:28:32] loggers.INFO: Acesso negado! Dados fornecidos: teste@teste.com.br [] []
[2018-09-18 17:28:38] loggers.INFO: Acesso negado! Dados fornecidos: teste@teste.com.br [] []
[2018-09-18 17:28:46] loggers.INFO: Acesso negado! Dados fornecidos: teste@teste.com.br [] []
[2018-09-18 17:29:33] loggers.INFO: Acesso negado! Dados fornecidos: cleber@wdcom.com.br [] []
[2018-09-18 17:29:43] loggers.INFO: Acesso negado! Dados fornecidos: cleber@wdcom.com.br [] []
[2018-09-18 17:30:35] loggers.INFO: Acesso negado! Dados fornecidos: cleber@wdcom.com.br [] []
[2018-09-18 17:30:54] loggers.INFO: Acesso negado! Dados fornecidos: cleber@wdcom.com.br [] []
[2018-09-18 17:31:06] loggers.INFO: Acesso negado! Dados fornecidos: cleber@wdcom.com.br [] []
[2018-09-18 17:31:58] loggers.INFO: Acesso negado! Dados fornecidos: cleber@wdcom.com.br [] []
[2018-09-18 17:33:03] loggers.INFO: Acesso negado! Dados fornecidos:  [] []
[2018-09-18 17:33:05] loggers.INFO: Acesso negado! Dados fornecidos: cleber@wdcom.com.br [] []
[2018-09-18 19:10:38] loggers.INFO: Acesso negado! Dados fornecidos:  [] []
[2018-09-18 19:37:14] loggers.INFO: Acesso negado! Dados fornecidos:  [] []
[2018-10-03 17:48:08] loggers.INFO: Acesso negado! Dados fornecidos:  [] []
[2018-10-03 17:48:11] loggers.INFO: Acesso negado! Dados fornecidos: cleber@wdcom.com.br [] []
[2018-10-03 17:48:18] loggers.INFO: Acesso negado! Dados fornecidos: cleber@wdcom.com.br [] []
[2018-10-03 17:48:25] loggers.INFO: Acesso negado! Dados fornecidos: teste@teste.com.br [] []
[2018-10-03 17:49:37] loggers.INFO: Acesso negado! Dados fornecidos: cleber@wdcom.com.br [] []
[2018-10-03 17:49:41] loggers.INFO: Acesso negado! Dados fornecidos: cleber@wdcom.com.br [] []
[2018-10-03 17:57:38] loggers.INFO: Acesso negado! Dados fornecidos:  [] []
[2018-10-03 17:57:46] loggers.INFO: Acesso negado! Dados fornecidos:  [] []
[2018-10-03 17:57:46] loggers.INFO: Acesso negado! Dados fornecidos:  [] []
[2018-10-03 18:06:26] loggers.INFO: Acesso negado! Dados fornecidos:  [] []
[2018-10-05 19:46:20] loggers.INFO: Acesso negado! Dados fornecidos:  [] []
[2018-10-05 19:46:31] loggers.INFO: Acesso negado! Dados fornecidos: cleber@wdcom.com.br [] []
[2018-10-05 19:46:38] loggers.INFO: Acesso negado! Dados fornecidos: cleberdev [] []
[2018-10-05 19:46:45] loggers.INFO: Acesso negado! Dados fornecidos: cleberdev [] []
[2018-10-05 19:46:59] loggers.INFO: Acesso negado! Dados fornecidos: cleber@wdcom.com.br [] []
[2018-10-05 19:47:09] loggers.INFO: Acesso negado! Dados fornecidos:  [] []
=======
[2018-10-03 22:52:03] loggers.INFO: Acesso negado! Dados fornecidos: cleberdev [] []
[2018-10-03 22:52:11] loggers.INFO: Acesso negado! Dados fornecidos: cleberdev [] []
[2018-10-03 22:52:26] loggers.INFO: Acesso negado! Dados fornecidos: cleberdev [] []
[2018-10-03 22:53:30] loggers.INFO: Acesso negado! Dados fornecidos:  [] []
[2018-10-03 22:53:39] loggers.INFO: Acesso negado! Dados fornecidos: teste [] []
[2018-10-03 22:53:49] loggers.INFO: Acesso negado! Dados fornecidos: cleberdev [] []
[2018-10-03 22:54:28] loggers.INFO: Acesso negado! Dados fornecidos: cleber@wdcom.com.br [] []
[2018-10-03 22:54:48] loggers.INFO: Acesso negado! Dados fornecidos: teste [] []
[2018-10-03 22:55:19] loggers.INFO: Acesso negado! Dados fornecidos: cleber@wdcom.com.br [] []
[2018-10-03 22:55:22] loggers.INFO: Acesso negado! Dados fornecidos: cleber@wdcom.com.br [] []
[2018-10-03 22:55:27] loggers.INFO: Acesso negado! Dados fornecidos: teste [] []
[2018-10-03 23:02:14] loggers.INFO: Acesso negado! Dados fornecidos: teste [] []
[2018-10-03 23:49:30] loggers.INFO: Acesso negado! Dados fornecidos:  [] []
[2018-10-03 23:49:43] loggers.INFO: Acesso negado! Dados fornecidos:  [] []
[2018-10-03 23:50:02] loggers.INFO: Acesso negado! Dados fornecidos:  [] []
[2018-10-03 23:50:09] loggers.INFO: Acesso negado! Dados fornecidos: pedro [] []
[2018-10-03 23:50:14] loggers.INFO: Acesso negado! Dados fornecidos: pedro [] []
[2018-10-03 23:50:54] loggers.INFO: Acesso negado! Dados fornecidos: pedro [] []
>>>>>>> 65c6c973065230eb65a3601783a9eeae725e3743
[2018-10-05 19:50:22] loggers.INFO: Acesso negado! Dados fornecidos: cleber@wdcom.com.br [] []
[2018-10-05 19:50:29] loggers.INFO: Acesso negado! Dados fornecidos: cleber@wdcom.com.br [] []
[2018-10-05 19:50:37] loggers.INFO: Acesso negado! Dados fornecidos: cleberdev [] []
[2018-10-05 19:51:34] loggers.INFO: Acesso negado! Dados fornecidos:  [] []
[2018-10-05 19:52:01] loggers.INFO: Acesso negado! Dados fornecidos:  [] []
[2018-10-07 12:47:23] loggers.INFO: Acesso negado! Dados fornecidos:  [] []
[2018-10-08 19:48:00] loggers.INFO: Acesso negado! Dados fornecidos:  [] []
[2018-10-08 20:26:14] loggers.INFO: Acesso negado! Dados fornecidos:  [] []
[2018-10-08 20:26:18] loggers.INFO: Acesso negado! Dados fornecidos:  [] []
[2018-10-08 20:28:53] loggers.INFO: Acesso negado! Dados fornecidos:  [] []
[2018-10-08 20:28:59] loggers.INFO: Acesso negado! Dados fornecidos:  [] []
<<<<<<< HEAD
[2018-10-10 16:34:19] loggers.INFO: Acesso negado! Dados fornecidos:  [] []
=======
[2018-10-09 00:03:29] loggers.INFO: Acesso negado! Dados fornecidos:  [] []
[2018-10-09 23:09:52] loggers.INFO: Acesso negado! Dados fornecidos:  [] []
[2018-10-10 01:06:45] loggers.INFO: Acesso negado! Dados fornecidos:  [] []
>>>>>>> 7613b406665c4490e64722848dda4980ca13981c
