[2018-11-08 21:36:02] loggers.INFO: O script SQL select * from users Foi executado pelo Usuário X [] []
[2018-11-08 21:36:02] loggers.INFO: O script SQL select * from users where id=49 Foi executado pelo Usuário X [] []
[2018-11-08 21:36:02] loggers.INFO: O script SQL select * from userLevel Foi executado pelo Usuário X [] []
[2018-11-08 21:36:02] loggers.INFO: O script SQL select * from AccessList Foi executado pelo Usuário X [] []
[2018-11-08 21:36:02] loggers.INFO: O script SQL select * from vw_permissionlist Foi executado pelo Usuário X [] []
[2018-11-08 21:36:08] loggers.INFO: O script SQL select * from users Foi executado pelo Usuário X [] []
[2018-11-08 21:36:08] loggers.INFO: O script SQL select * from users where id=49 Foi executado pelo Usuário X [] []
[2018-11-08 21:36:08] loggers.INFO: O script SQL select * from userLevel Foi executado pelo Usuário X [] []
[2018-11-08 21:36:08] loggers.INFO: O script SQL select * from AccessList Foi executado pelo Usuário X [] []
[2018-11-08 21:36:08] loggers.INFO: O script SQL select * from vw_permissionlist Foi executado pelo Usuário X [] []
[2018-11-08 21:36:08] loggers.INFO: O script SQL insert into permissionList (idUserlevel,idAccessList)values('17','3') Foi executado pelo Usuário X [] []
[2018-11-08 21:36:40] loggers.INFO: O script SQL select * from users Foi executado pelo Usuário X [] []
[2018-11-08 21:36:40] loggers.INFO: O script SQL select * from users where id=49 Foi executado pelo Usuário X [] []
[2018-11-08 21:36:40] loggers.INFO: O script SQL select * from userLevel Foi executado pelo Usuário X [] []
[2018-11-08 21:36:40] loggers.INFO: O script SQL select * from AccessList Foi executado pelo Usuário X [] []
[2018-11-08 21:36:40] loggers.INFO: O script SQL select * from vw_permissionlist Foi executado pelo Usuário X [] []
[2018-11-08 21:36:40] loggers.INFO: O script SQL insert into permissionList (idUserlevel,idAccessList)values('17','3') Foi executado pelo Usuário X [] []
[2018-11-08 21:38:12] loggers.INFO: O script SQL select * from users Foi executado pelo Usuário X [] []
[2018-11-08 21:38:12] loggers.INFO: O script SQL select * from users where id=49 Foi executado pelo Usuário X [] []
[2018-11-08 21:38:12] loggers.INFO: O script SQL select * from userLevel Foi executado pelo Usuário X [] []
[2018-11-08 21:38:12] loggers.INFO: O script SQL select * from AccessList Foi executado pelo Usuário X [] []
[2018-11-08 21:38:12] loggers.INFO: O script SQL select * from vw_permissionlist Foi executado pelo Usuário X [] []
[2018-11-08 21:38:12] loggers.INFO: O script SQL insert into permissionList (idUserlevel,idAccessList)values('17','3') Foi executado pelo Usuário X [] []
[2018-11-08 21:38:59] loggers.INFO: O script SQL select * from users Foi executado pelo Usuário X [] []
[2018-11-08 21:38:59] loggers.INFO: O script SQL select * from users where id=49 Foi executado pelo Usuário X [] []
[2018-11-08 21:38:59] loggers.INFO: O script SQL select * from userLevel Foi executado pelo Usuário X [] []
[2018-11-08 21:38:59] loggers.INFO: O script SQL select * from AccessList Foi executado pelo Usuário X [] []
[2018-11-08 21:38:59] loggers.INFO: O script SQL select * from vw_permissionlist Foi executado pelo Usuário X [] []
[2018-11-08 21:38:59] loggers.INFO: O script SQL insert into permissionList (idUserlevel,idAccessList)values('17','3') Foi executado pelo Usuário X [] []
[2018-11-08 21:40:04] loggers.INFO: O script SQL select * from users Foi executado pelo Usuário X [] []
[2018-11-08 21:40:04] loggers.INFO: O script SQL select * from users where id=49 Foi executado pelo Usuário X [] []
[2018-11-08 21:40:05] loggers.INFO: O script SQL select * from userLevel Foi executado pelo Usuário X [] []
[2018-11-08 21:40:05] loggers.INFO: O script SQL select * from AccessList Foi executado pelo Usuário X [] []
[2018-11-08 21:40:05] loggers.INFO: O script SQL select * from vw_permissionlist Foi executado pelo Usuário X [] []
[2018-11-08 21:40:05] loggers.INFO: O script SQL insert into permissionList (idUserlevel,idAccessList)values('17','3') Foi executado pelo Usuário X [] []
[2018-11-08 21:40:29] loggers.INFO: O script SQL select * from users Foi executado pelo Usuário X [] []
[2018-11-08 21:40:30] loggers.INFO: O script SQL select * from users where id=49 Foi executado pelo Usuário X [] []
[2018-11-08 21:40:30] loggers.INFO: O script SQL select * from userLevel Foi executado pelo Usuário X [] []
[2018-11-08 21:40:30] loggers.INFO: O script SQL select * from AccessList Foi executado pelo Usuário X [] []
[2018-11-08 21:40:30] loggers.INFO: O script SQL select * from vw_permissionlist Foi executado pelo Usuário X [] []
[2018-11-08 21:40:30] loggers.INFO: O script SQL insert into permissionList (idUserlevel,idAccessList)values('17','3') Foi executado pelo Usuário X [] []
[2018-11-08 21:40:30] loggers.INFO: O script SQL select * from users Foi executado pelo Usuário X [] []
[2018-11-08 21:40:30] loggers.INFO: O script SQL select * from users where id=49 Foi executado pelo Usuário X [] []
[2018-11-08 21:40:30] loggers.INFO: O script SQL select * from userLevel Foi executado pelo Usuário X [] []
[2018-11-08 21:40:30] loggers.INFO: O script SQL select * from AccessList Foi executado pelo Usuário X [] []
[2018-11-08 21:40:30] loggers.INFO: O script SQL select * from vw_permissionlist Foi executado pelo Usuário X [] []
[2018-11-08 21:42:17] loggers.INFO: O script SQL select * from users Foi executado pelo Usuário X [] []
[2018-11-08 21:42:17] loggers.INFO: O script SQL select * from users where id=49 Foi executado pelo Usuário X [] []
[2018-11-08 21:42:17] loggers.INFO: O script SQL select * from userLevel Foi executado pelo Usuário X [] []
[2018-11-08 21:42:17] loggers.INFO: O script SQL select * from AccessList Foi executado pelo Usuário X [] []
[2018-11-08 21:42:17] loggers.INFO: O script SQL select * from vw_permissionlist Foi executado pelo Usuário X [] []
[2018-11-08 21:46:33] loggers.INFO: O script SQL select * from users Foi executado pelo Usuário X [] []
[2018-11-08 21:46:33] loggers.INFO: O script SQL select * from users where id=49 Foi executado pelo Usuário X [] []
[2018-11-08 21:46:33] loggers.INFO: O script SQL select * from userLevel Foi executado pelo Usuário X [] []
[2018-11-08 21:46:33] loggers.INFO: O script SQL select * from AccessList Foi executado pelo Usuário X [] []
[2018-11-08 21:46:33] loggers.INFO: O script SQL select * from vw_permissionlist Foi executado pelo Usuário X [] []
[2018-11-08 21:46:34] loggers.INFO: O script SQL insert into permissionList (idUserlevel,idAccessList)values('24','3') Foi executado pelo Usuário X [] []
[2018-11-08 21:46:34] loggers.INFO: O script SQL insert into permissionList (idUserlevel,idAccessList)values('24','9') Foi executado pelo Usuário X [] []
[2018-11-08 21:46:34] loggers.INFO: O script SQL insert into permissionList (idUserlevel,idAccessList)values('24','15') Foi executado pelo Usuário X [] []
[2018-11-08 21:46:35] loggers.INFO: O script SQL select * from users Foi executado pelo Usuário X [] []
[2018-11-08 21:46:35] loggers.INFO: O script SQL select * from users where id=49 Foi executado pelo Usuário X [] []
[2018-11-08 21:46:35] loggers.INFO: O script SQL select * from userLevel Foi executado pelo Usuário X [] []
[2018-11-08 21:46:35] loggers.INFO: O script SQL select * from AccessList Foi executado pelo Usuário X [] []
[2018-11-08 21:46:35] loggers.INFO: O script SQL select * from vw_permissionlist Foi executado pelo Usuário X [] []
[2018-11-08 21:47:02] loggers.INFO: O script SQL select * from users Foi executado pelo Usuário X [] []
[2018-11-08 21:47:02] loggers.INFO: O script SQL select * from users where id=49 Foi executado pelo Usuário X [] []
[2018-11-08 21:47:02] loggers.INFO: O script SQL select * from userLevel Foi executado pelo Usuário X [] []
[2018-11-08 21:47:02] loggers.INFO: O script SQL select * from AccessList Foi executado pelo Usuário X [] []
[2018-11-08 21:47:02] loggers.INFO: O script SQL select * from vw_permissionlist Foi executado pelo Usuário X [] []
[2018-11-08 21:47:11] loggers.INFO: O script SQL select * from users Foi executado pelo Usuário X [] []
[2018-11-08 21:47:11] loggers.INFO: O script SQL select * from users where id=49 Foi executado pelo Usuário X [] []
[2018-11-08 21:47:11] loggers.INFO: O script SQL select * from userLevel Foi executado pelo Usuário X [] []
[2018-11-08 21:47:11] loggers.INFO: O script SQL select * from AccessList Foi executado pelo Usuário X [] []
[2018-11-08 21:47:11] loggers.INFO: O script SQL select * from vw_permissionlist Foi executado pelo Usuário X [] []
[2018-11-08 21:47:11] loggers.INFO: O script SQL insert into permissionList (idUserlevel,idAccessList)values('24','3') Foi executado pelo Usuário X [] []
[2018-11-08 21:47:11] loggers.INFO: O script SQL insert into permissionList (idUserlevel,idAccessList)values('24','9') Foi executado pelo Usuário X [] []
[2018-11-08 21:47:11] loggers.INFO: O script SQL select * from users Foi executado pelo Usuário X [] []
[2018-11-08 21:47:11] loggers.INFO: O script SQL select * from users where id=49 Foi executado pelo Usuário X [] []
[2018-11-08 21:51:21] loggers.INFO: O script SQL select * from users Foi executado pelo Usuário X [] []
[2018-11-08 21:51:21] loggers.INFO: O script SQL select * from users where id=49 Foi executado pelo Usuário X [] []
[2018-11-08 21:51:23] loggers.INFO: O script SQL select * from users Foi executado pelo Usuário X [] []
[2018-11-08 21:51:23] loggers.INFO: O script SQL select * from users where id=49 Foi executado pelo Usuário X [] []
[2018-11-08 21:51:23] loggers.INFO: O script SQL select * from userLevel Foi executado pelo Usuário X [] []
[2018-11-08 21:51:23] loggers.INFO: O script SQL select * from AccessList Foi executado pelo Usuário X [] []
[2018-11-08 21:51:23] loggers.INFO: O script SQL select * from vw_permissionlist Foi executado pelo Usuário X [] []
[2018-11-08 21:51:30] loggers.INFO: O script SQL select * from users Foi executado pelo Usuário X [] []
[2018-11-08 21:51:30] loggers.INFO: O script SQL select * from users where id=49 Foi executado pelo Usuário X [] []
[2018-11-08 21:51:30] loggers.INFO: O script SQL select * from userLevel Foi executado pelo Usuário X [] []
[2018-11-08 21:51:30] loggers.INFO: O script SQL select * from AccessList Foi executado pelo Usuário X [] []
[2018-11-08 21:51:30] loggers.INFO: O script SQL select * from vw_permissionlist Foi executado pelo Usuário X [] []
[2018-11-08 21:51:35] loggers.INFO: O script SQL select * from users Foi executado pelo Usuário X [] []
[2018-11-08 21:51:35] loggers.INFO: O script SQL select * from users where id=49 Foi executado pelo Usuário X [] []
[2018-11-08 21:51:35] loggers.INFO: O script SQL select * from userLevel Foi executado pelo Usuário X [] []
[2018-11-08 21:51:35] loggers.INFO: O script SQL select * from AccessList Foi executado pelo Usuário X [] []
[2018-11-08 21:51:35] loggers.INFO: O script SQL select * from vw_permissionlist Foi executado pelo Usuário X [] []
[2018-11-08 21:51:35] loggers.INFO: O script SQL insert into permissionList (idUserlevel,idAccessList)values('17','3') Foi executado pelo Usuário X [] []
[2018-11-08 21:51:36] loggers.INFO: O script SQL select * from users Foi executado pelo Usuário X [] []
[2018-11-08 21:51:36] loggers.INFO: O script SQL select * from users where id=49 Foi executado pelo Usuário X [] []
[2018-11-08 21:51:36] loggers.INFO: O script SQL select * from userLevel Foi executado pelo Usuário X [] []
[2018-11-08 21:51:36] loggers.INFO: O script SQL select * from AccessList Foi executado pelo Usuário X [] []
[2018-11-08 21:51:36] loggers.INFO: O script SQL select * from vw_permissionlist Foi executado pelo Usuário X [] []
[2018-11-08 21:56:34] loggers.INFO: O script SQL select * from userLevel Foi executado pelo Usuário X [] []
[2018-11-08 21:56:35] loggers.INFO: O script SQL select * from AccessList Foi executado pelo Usuário X [] []
[2018-11-08 21:56:35] loggers.INFO: O script SQL select * from vw_permissionlist Foi executado pelo Usuário X [] []
[2018-11-08 21:56:35] loggers.INFO: O script SQL select * from users Foi executado pelo Usuário X [] []
[2018-11-08 21:56:35] loggers.INFO: O script SQL delete from permissionList where id=142 Foi executado pelo Usuário X [] []
[2018-11-08 21:56:35] loggers.INFO: O script SQL select * from users where id=49 Foi executado pelo Usuário X [] []
[2018-11-08 21:56:35] loggers.INFO: O script SQL select * from userLevel Foi executado pelo Usuário X [] []
[2018-11-08 21:56:35] loggers.INFO: O script SQL select * from AccessList Foi executado pelo Usuário X [] []
[2018-11-08 21:56:35] loggers.INFO: O script SQL select * from vw_permissionlist Foi executado pelo Usuário X [] []
[2018-11-08 21:56:40] loggers.INFO: O script SQL select * from userLevel Foi executado pelo Usuário X [] []
[2018-11-08 21:56:40] loggers.INFO: O script SQL select * from AccessList Foi executado pelo Usuário X [] []
[2018-11-08 21:56:40] loggers.INFO: O script SQL select * from vw_permissionlist Foi executado pelo Usuário X [] []
[2018-11-08 21:56:40] loggers.INFO: O script SQL delete from permissionList where id=143 Foi executado pelo Usuário X [] []
[2018-11-08 21:56:40] loggers.INFO: O script SQL select * from users Foi executado pelo Usuário X [] []
[2018-11-08 21:56:40] loggers.INFO: O script SQL select * from users where id=49 Foi executado pelo Usuário X [] []
[2018-11-08 21:56:40] loggers.INFO: O script SQL select * from userLevel Foi executado pelo Usuário X [] []
[2018-11-08 21:56:40] loggers.INFO: O script SQL select * from AccessList Foi executado pelo Usuário X [] []
[2018-11-08 21:56:40] loggers.INFO: O script SQL select * from vw_permissionlist Foi executado pelo Usuário X [] []
[2018-11-08 21:56:43] loggers.INFO: O script SQL select * from userLevel Foi executado pelo Usuário X [] []
[2018-11-08 21:56:43] loggers.INFO: O script SQL select * from AccessList Foi executado pelo Usuário X [] []
[2018-11-08 21:56:43] loggers.INFO: O script SQL select * from vw_permissionlist Foi executado pelo Usuário X [] []
[2018-11-08 21:56:43] loggers.INFO: O script SQL delete from permissionList where id=144 Foi executado pelo Usuário X [] []
[2018-11-08 21:56:43] loggers.INFO: O script SQL select * from users Foi executado pelo Usuário X [] []
[2018-11-08 21:56:43] loggers.INFO: O script SQL select * from users where id=49 Foi executado pelo Usuário X [] []
[2018-11-08 21:56:43] loggers.INFO: O script SQL select * from userLevel Foi executado pelo Usuário X [] []
[2018-11-08 21:56:43] loggers.INFO: O script SQL select * from AccessList Foi executado pelo Usuário X [] []
[2018-11-08 21:56:43] loggers.INFO: O script SQL select * from vw_permissionlist Foi executado pelo Usuário X [] []
[2018-11-08 21:56:47] loggers.INFO: O script SQL select * from userLevel Foi executado pelo Usuário X [] []
[2018-11-08 21:56:47] loggers.INFO: O script SQL select * from AccessList Foi executado pelo Usuário X [] []
[2018-11-08 21:56:47] loggers.INFO: O script SQL select * from vw_permissionlist Foi executado pelo Usuário X [] []
[2018-11-08 21:56:47] loggers.INFO: O script SQL select * from users Foi executado pelo Usuário X [] []
[2018-11-08 21:56:47] loggers.INFO: O script SQL select * from users where id=49 Foi executado pelo Usuário X [] []
[2018-11-08 21:56:47] loggers.INFO: O script SQL select * from userLevel Foi executado pelo Usuário X [] []
[2018-11-08 21:56:47] loggers.INFO: O script SQL delete from permissionList where id=145 Foi executado pelo Usuário X [] []
[2018-11-08 21:56:47] loggers.INFO: O script SQL select * from AccessList Foi executado pelo Usuário X [] []
[2018-11-08 21:56:47] loggers.INFO: O script SQL select * from vw_permissionlist Foi executado pelo Usuário X [] []
[2018-11-08 21:56:50] loggers.INFO: O script SQL select * from userLevel Foi executado pelo Usuário X [] []
[2018-11-08 21:56:50] loggers.INFO: O script SQL select * from AccessList Foi executado pelo Usuário X [] []
[2018-11-08 21:56:50] loggers.INFO: O script SQL select * from vw_permissionlist Foi executado pelo Usuário X [] []
[2018-11-08 21:56:50] loggers.INFO: O script SQL delete from permissionList where id=146 Foi executado pelo Usuário X [] []
[2018-11-08 21:56:50] loggers.INFO: O script SQL select * from users Foi executado pelo Usuário X [] []
[2018-11-08 21:56:50] loggers.INFO: O script SQL select * from users where id=49 Foi executado pelo Usuário X [] []
[2018-11-08 21:56:50] loggers.INFO: O script SQL select * from userLevel Foi executado pelo Usuário X [] []
[2018-11-08 21:56:50] loggers.INFO: O script SQL select * from AccessList Foi executado pelo Usuário X [] []
[2018-11-08 21:56:50] loggers.INFO: O script SQL select * from vw_permissionlist Foi executado pelo Usuário X [] []
[2018-11-08 21:56:56] loggers.INFO: O script SQL select * from userLevel Foi executado pelo Usuário X [] []
[2018-11-08 21:56:56] loggers.INFO: O script SQL select * from AccessList Foi executado pelo Usuário X [] []
[2018-11-08 21:56:56] loggers.INFO: O script SQL select * from users Foi executado pelo Usuário X [] []
[2018-11-08 21:56:56] loggers.INFO: O script SQL select * from vw_permissionlist Foi executado pelo Usuário X [] []
[2018-11-08 21:56:56] loggers.INFO: O script SQL select * from users where id=49 Foi executado pelo Usuário X [] []
[2018-11-08 21:56:56] loggers.INFO: O script SQL delete from permissionList where id=147 Foi executado pelo Usuário X [] []
[2018-11-08 21:56:56] loggers.INFO: O script SQL select * from userLevel Foi executado pelo Usuário X [] []
[2018-11-08 21:56:56] loggers.INFO: O script SQL select * from AccessList Foi executado pelo Usuário X [] []
[2018-11-08 21:56:56] loggers.INFO: O script SQL select * from vw_permissionlist Foi executado pelo Usuário X [] []
[2018-11-08 21:57:09] loggers.INFO: O script SQL select * from users Foi executado pelo Usuário X [] []
[2018-11-08 21:57:09] loggers.INFO: O script SQL select * from users where id=49 Foi executado pelo Usuário X [] []
[2018-11-08 21:57:09] loggers.INFO: O script SQL select * from userLevel Foi executado pelo Usuário X [] []
[2018-11-08 21:57:09] loggers.INFO: O script SQL select * from AccessList Foi executado pelo Usuário X [] []
[2018-11-08 21:57:09] loggers.INFO: O script SQL select * from vw_permissionlist Foi executado pelo Usuário X [] []
[2018-11-08 21:57:09] loggers.INFO: O script SQL insert into permissionList (idUserlevel,idAccessList)values('17','3') Foi executado pelo Usuário X [] []
[2018-11-08 21:57:09] loggers.INFO: O script SQL insert into permissionList (idUserlevel,idAccessList)values('17','4') Foi executado pelo Usuário X [] []
[2018-11-08 21:57:09] loggers.INFO: O script SQL insert into permissionList (idUserlevel,idAccessList)values('17','7') Foi executado pelo Usuário X [] []
[2018-11-08 21:57:09] loggers.INFO: O script SQL insert into permissionList (idUserlevel,idAccessList)values('17','8') Foi executado pelo Usuário X [] []
[2018-11-08 21:57:09] loggers.INFO: O script SQL insert into permissionList (idUserlevel,idAccessList)values('17','9') Foi executado pelo Usuário X [] []
[2018-11-08 21:57:09] loggers.INFO: O script SQL insert into permissionList (idUserlevel,idAccessList)values('17','15') Foi executado pelo Usuário X [] []
[2018-11-08 21:57:10] loggers.INFO: O script SQL select * from users Foi executado pelo Usuário X [] []
[2018-11-08 21:57:10] loggers.INFO: O script SQL select * from users where id=49 Foi executado pelo Usuário X [] []
[2018-11-08 21:57:10] loggers.INFO: O script SQL select * from userLevel Foi executado pelo Usuário X [] []
[2018-11-08 21:57:10] loggers.INFO: O script SQL select * from AccessList Foi executado pelo Usuário X [] []
[2018-11-08 21:57:10] loggers.INFO: O script SQL select * from vw_permissionlist Foi executado pelo Usuário X [] []
[2018-11-08 21:57:24] loggers.INFO: O script SQL select * from users Foi executado pelo Usuário X [] []
[2018-11-08 21:57:24] loggers.INFO: O script SQL select * from users where id=49 Foi executado pelo Usuário X [] []
[2018-11-08 21:57:24] loggers.INFO: O script SQL select * from userLevel Foi executado pelo Usuário X [] []
[2018-11-08 21:57:24] loggers.INFO: O script SQL select * from AccessList Foi executado pelo Usuário X [] []
[2018-11-08 21:57:24] loggers.INFO: O script SQL select * from vw_permissionlist Foi executado pelo Usuário X [] []
[2018-11-08 22:00:44] loggers.INFO: O script SQL select * from users Foi executado pelo Usuário X [] []
[2018-11-08 22:00:44] loggers.INFO: O script SQL select * from users where id=49 Foi executado pelo Usuário X [] []
[2018-11-08 22:00:44] loggers.INFO: O script SQL select * from users Foi executado pelo Usuário X [] []
[2018-11-08 22:00:48] loggers.INFO: O script SQL select * from users Foi executado pelo Usuário X [] []
[2018-11-08 22:00:48] loggers.INFO: O script SQL select * from users where id=49 Foi executado pelo Usuário X [] []
[2018-11-08 22:01:07] loggers.INFO: O script SQL select * from users Foi executado pelo Usuário X [] []
[2018-11-08 22:01:07] loggers.INFO: O script SQL select * from users where id=49 Foi executado pelo Usuário X [] []
[2018-11-08 22:01:07] loggers.INFO: O script SQL select * from userLevel Foi executado pelo Usuário X [] []
[2018-11-08 22:01:07] loggers.INFO: O script SQL select * from AccessList Foi executado pelo Usuário X [] []
[2018-11-08 22:01:07] loggers.INFO: O script SQL select * from vw_permissionlist Foi executado pelo Usuário X [] []
[2018-11-08 22:18:14] loggers.INFO: O script SQL select * from users Foi executado pelo Usuário X [] []
[2018-11-08 22:18:14] loggers.INFO: O script SQL select * from users where id=49 Foi executado pelo Usuário X [] []
[2018-11-08 22:18:14] loggers.INFO: O script SQL select * from users Foi executado pelo Usuário X [] []
[2018-11-08 22:18:18] loggers.INFO: O script SQL select * from users Foi executado pelo Usuário X [] []
[2018-11-08 22:18:18] loggers.INFO: O script SQL select * from users where id=52 Foi executado pelo Usuário X [] []
